<?xml version="1.0" encoding="UTF-8"?>
<testsuite xmlns:xsi="http://www.w3.org/2001/XMLSchema-instance" xsi:noNamespaceSchemaLocation="https://maven.apache.org/surefire/maven-surefire-plugin/xsd/surefire-test-report.xsd" name="evo_suite.AVLTree_ESTest" time="1.098" tests="29" errors="1" skipped="0" failures="0">
  <properties>
[...]
</properties>
  <testcase name="test16" classname="evo_suite.AVLTree_ESTest" time="0.009"/>
  <testcase name="test15" classname="evo_suite.AVLTree_ESTest" time="0.001"/>
  <testcase name="test14" classname="evo_suite.AVLTree_ESTest" time="0.008"/>
  <testcase name="test13" classname="evo_suite.AVLTree_ESTest" time="0.002"/>
  <testcase name="test12" classname="evo_suite.AVLTree_ESTest" time="0.003"/>
  <testcase name="test11" classname="evo_suite.AVLTree_ESTest" time="0.015">
    <error type="java.lang.StackOverflowError">java.lang.StackOverflowError
</error>
  </testcase>
  <testcase name="test10" classname="evo_suite.AVLTree_ESTest" time="0.001"/>
  <testcase name="test19" classname="evo_suite.AVLTree_ESTest" time="0.001"/>
  <testcase name="test18" classname="evo_suite.AVLTree_ESTest" time="0.001"/>
  <testcase name="test17" classname="evo_suite.AVLTree_ESTest" time="0.002"/>
  <testcase name="test05" classname="evo_suite.AVLTree_ESTest" time="0.001"/>
  <testcase name="test27" classname="evo_suite.AVLTree_ESTest" time="0.001"/>
  <testcase name="test04" classname="evo_suite.AVLTree_ESTest" time="0.001"/>
  <testcase name="test26" classname="evo_suite.AVLTree_ESTest" time="0.001"/>
  <testcase name="test03" classname="evo_suite.AVLTree_ESTest" time="0.002"/>
  <testcase name="test25" classname="evo_suite.AVLTree_ESTest" time="0.003"/>
  <testcase name="test02" classname="evo_suite.AVLTree_ESTest" time="0.001"/>
  <testcase name="test24" classname="evo_suite.AVLTree_ESTest" time="0.002"/>
  <testcase name="test01" classname="evo_suite.AVLTree_ESTest" time="0.001"/>
  <testcase name="test23" classname="evo_suite.AVLTree_ESTest" time="0.001"/>
  <testcase name="test00" classname="evo_suite.AVLTree_ESTest" time="0.002"/>
  <testcase name="test22" classname="evo_suite.AVLTree_ESTest" time="0.001"/>
  <testcase name="test21" classname="evo_suite.AVLTree_ESTest" time="0.002"/>
  <testcase name="test20" classname="evo_suite.AVLTree_ESTest" time="0.001"/>
  <testcase name="test09" classname="evo_suite.AVLTree_ESTest" time="0.001"/>
  <testcase name="test08" classname="evo_suite.AVLTree_ESTest" time="0.001"/>
  <testcase name="test07" classname="evo_suite.AVLTree_ESTest" time="0.002"/>
  <testcase name="test06" classname="evo_suite.AVLTree_ESTest" time="0.005"/>
  <testcase name="test28" classname="evo_suite.AVLTree_ESTest" time="0.001"/>
</testsuite>